<?xml version="1.0" encoding="UTF-8"?>
<!-- Generated by org.testng.reporters.JUnitXMLReporter -->
<testsuite hostname="AnamikaRao-QA" ignored="0" name="Test" tests="16" failures="1" timestamp="30 Aug 2021 09:47:39 GMT" time="43.819" errors="0">
  <testcase name="@BeforeMethod getUrl" time="12.179" classname="TestCases.Testcases">
    <failure type="org.openqa.selenium.WebDriverException" message="chrome not reachable
  (Session info: chrome=92.0.4515.159)
Build info: version: &amp;apos;3.6.0&amp;apos;, revision: &amp;apos;6fbf3ec767&amp;apos;, time: &amp;apos;2017-09-27T15:28:36.4Z&amp;apos;
System info: host: &amp;apos;ANAMIKARAO-QA&amp;apos;, ip: &amp;apos;192.168.0.7&amp;apos;, os.name: &amp;apos;Windows 10&amp;apos;, os.arch: &amp;apos;amd64&amp;apos;, os.version: &amp;apos;10.0&amp;apos;, java.version: &amp;apos;1.8.0_291&amp;apos;
Driver info: org.openqa.selenium.chrome.ChromeDriver
Capabilities [{networkConnectionEnabled=false, chrome={chromedriverVersion=91.0.4472.101 (af52a90bf87030dd1523486a1cd3ae25c5d76c9b-refs/branch-heads/4472@{#1462}), userDataDir=C:\Users\ANAMIK~1\AppData\Local\Temp\scoped_dir14188_1783760184}, timeouts={implicit=0, pageLoad=300000, script=30000}, pageLoadStrategy=normal, unhandledPromptBehavior=dismiss and notify, strictFileInteractability=false, platform=WINDOWS, proxy=Proxy(), goog:chromeOptions={debuggerAddress=localhost:60671}, acceptInsecureCerts=false, browserVersion=92.0.4515.159, browserName=chrome, javascriptEnabled=true, platformName=WINDOWS, setWindowRect=true, webauthn:extension:largeBlob=true, webauthn:virtualAuthenticators=true}]
Session ID: ed35d66ff5b9f1e2f83c0bcf216ae92c">
      <![CDATA[org.openqa.selenium.WebDriverException: chrome not reachable
  (Session info: chrome=92.0.4515.159)
Build info: version: '3.6.0', revision: '6fbf3ec767', time: '2017-09-27T15:28:36.4Z'
System info: host: 'ANAMIKARAO-QA', ip: '192.168.0.7', os.name: 'Windows 10', os.arch: 'amd64', os.version: '10.0', java.version: '1.8.0_291'
Driver info: org.openqa.selenium.chrome.ChromeDriver
Capabilities [{networkConnectionEnabled=false, chrome={chromedriverVersion=91.0.4472.101 (af52a90bf87030dd1523486a1cd3ae25c5d76c9b-refs/branch-heads/4472@{#1462}), userDataDir=C:\Users\ANAMIK~1\AppData\Local\Temp\scoped_dir14188_1783760184}, timeouts={implicit=0, pageLoad=300000, script=30000}, pageLoadStrategy=normal, unhandledPromptBehavior=dismiss and notify, strictFileInteractability=false, platform=WINDOWS, proxy=Proxy(), goog:chromeOptions={debuggerAddress=localhost:60671}, acceptInsecureCerts=false, browserVersion=92.0.4515.159, browserName=chrome, javascriptEnabled=true, platformName=WINDOWS, setWindowRect=true, webauthn:extension:largeBlob=true, webauthn:virtualAuthenticators=true}]
Session ID: ed35d66ff5b9f1e2f83c0bcf216ae92c
	at org.openqa.selenium.remote.http.W3CHttpResponseCodec.createException(W3CHttpResponseCodec.java:185)
	at org.openqa.selenium.remote.http.W3CHttpResponseCodec.decode(W3CHttpResponseCodec.java:120)
	at org.openqa.selenium.remote.http.W3CHttpResponseCodec.decode(W3CHttpResponseCodec.java:49)
	at org.openqa.selenium.remote.HttpCommandExecutor.execute(HttpCommandExecutor.java:164)
	at org.openqa.selenium.remote.service.DriverCommandExecutor.execute(DriverCommandExecutor.java:83)
	at org.openqa.selenium.remote.RemoteWebDriver.execute(RemoteWebDriver.java:586)
	at org.openqa.selenium.remote.RemoteWebDriver.get(RemoteWebDriver.java:310)
	at TestCases.Testcases.getUrl(Testcases.java:46)
... Removed 31 stack frames]]>
    </failure>
  </testcase> <!-- @BeforeMethod getUrl -->
  <testcase name="@BeforeMethod getUrl" time="0.0" classname="TestCases.Testcases">
    <skipped/>
  </testcase> <!-- @BeforeMethod getUrl -->
  <testcase name="@BeforeMethod getUrl" time="0.0" classname="TestCases.Testcases">
    <skipped/>
  </testcase> <!-- @BeforeMethod getUrl -->
  <testcase name="@BeforeMethod getUrl" time="0.0" classname="TestCases.Testcases">
    <skipped/>
  </testcase> <!-- @BeforeMethod getUrl -->
  <testcase name="@BeforeMethod getUrl" time="0.0" classname="TestCases.Testcases">
    <skipped/>
  </testcase> <!-- @BeforeMethod getUrl -->
  <testcase name="@BeforeMethod getUrl" time="0.0" classname="TestCases.Testcases">
    <skipped/>
  </testcase> <!-- @BeforeMethod getUrl -->
  <testcase name="@BeforeMethod getUrl" time="0.0" classname="TestCases.Testcases">
    <skipped/>
  </testcase> <!-- @BeforeMethod getUrl -->
  <testcase name="@BeforeMethod getUrl" time="0.0" classname="TestCases.Testcases">
    <skipped/>
  </testcase> <!-- @BeforeMethod getUrl -->
  <testcase name="@BeforeMethod getUrl" time="0.0" classname="TestCases.Testcases">
    <skipped/>
  </testcase> <!-- @BeforeMethod getUrl -->
  <testcase name="@BeforeMethod getUrl" time="0.0" classname="TestCases.Testcases">
    <skipped/>
  </testcase> <!-- @BeforeMethod getUrl -->
  <testcase name="@BeforeMethod getUrl" time="0.0" classname="TestCases.Testcases">
    <skipped/>
  </testcase> <!-- @BeforeMethod getUrl -->
  <testcase name="@BeforeMethod getUrl" time="0.0" classname="TestCases.Testcases">
    <skipped/>
  </testcase> <!-- @BeforeMethod getUrl -->
  <testcase name="@BeforeMethod getUrl" time="0.0" classname="TestCases.Testcases">
    <skipped/>
  </testcase> <!-- @BeforeMethod getUrl -->
  <testcase name="@BeforeMethod getUrl" time="0.0" classname="TestCases.Testcases">
    <skipped/>
  </testcase> <!-- @BeforeMethod getUrl -->
  <testcase name="@AfterTest tearDown" time="0.0" classname="TestCases.Testcases">
    <skipped/>
  </testcase> <!-- @AfterTest tearDown -->
  <testcase name="addData" time="5.256" classname="TestCases.Testcases"/>
  <testcase name="buynowbutton" time="13.599" classname="TestCases.Testcases">
    <failure type="org.openqa.selenium.WebDriverException" message="chrome not reachable
  (Session info: chrome=92.0.4515.159)
Build info: version: &amp;apos;3.6.0&amp;apos;, revision: &amp;apos;6fbf3ec767&amp;apos;, time: &amp;apos;2017-09-27T15:28:36.4Z&amp;apos;
System info: host: &amp;apos;ANAMIKARAO-QA&amp;apos;, ip: &amp;apos;192.168.0.7&amp;apos;, os.name: &amp;apos;Windows 10&amp;apos;, os.arch: &amp;apos;amd64&amp;apos;, os.version: &amp;apos;10.0&amp;apos;, java.version: &amp;apos;1.8.0_291&amp;apos;
Driver info: org.openqa.selenium.chrome.ChromeDriver
Capabilities [{networkConnectionEnabled=false, chrome={chromedriverVersion=91.0.4472.101 (af52a90bf87030dd1523486a1cd3ae25c5d76c9b-refs/branch-heads/4472@{#1462}), userDataDir=C:\Users\ANAMIK~1\AppData\Local\Temp\scoped_dir14188_1783760184}, timeouts={implicit=0, pageLoad=300000, script=30000}, pageLoadStrategy=normal, unhandledPromptBehavior=dismiss and notify, strictFileInteractability=false, platform=WINDOWS, proxy=Proxy(), goog:chromeOptions={debuggerAddress=localhost:60671}, acceptInsecureCerts=false, browserVersion=92.0.4515.159, browserName=chrome, javascriptEnabled=true, platformName=WINDOWS, setWindowRect=true, webauthn:extension:largeBlob=true, webauthn:virtualAuthenticators=true}]
Session ID: ed35d66ff5b9f1e2f83c0bcf216ae92c">
      <![CDATA[org.openqa.selenium.WebDriverException: chrome not reachable
  (Session info: chrome=92.0.4515.159)
Build info: version: '3.6.0', revision: '6fbf3ec767', time: '2017-09-27T15:28:36.4Z'
System info: host: 'ANAMIKARAO-QA', ip: '192.168.0.7', os.name: 'Windows 10', os.arch: 'amd64', os.version: '10.0', java.version: '1.8.0_291'
Driver info: org.openqa.selenium.chrome.ChromeDriver
Capabilities [{networkConnectionEnabled=false, chrome={chromedriverVersion=91.0.4472.101 (af52a90bf87030dd1523486a1cd3ae25c5d76c9b-refs/branch-heads/4472@{#1462}), userDataDir=C:\Users\ANAMIK~1\AppData\Local\Temp\scoped_dir14188_1783760184}, timeouts={implicit=0, pageLoad=300000, script=30000}, pageLoadStrategy=normal, unhandledPromptBehavior=dismiss and notify, strictFileInteractability=false, platform=WINDOWS, proxy=Proxy(), goog:chromeOptions={debuggerAddress=localhost:60671}, acceptInsecureCerts=false, browserVersion=92.0.4515.159, browserName=chrome, javascriptEnabled=true, platformName=WINDOWS, setWindowRect=true, webauthn:extension:largeBlob=true, webauthn:virtualAuthenticators=true}]
Session ID: ed35d66ff5b9f1e2f83c0bcf216ae92c
	at org.openqa.selenium.remote.http.W3CHttpResponseCodec.createException(W3CHttpResponseCodec.java:185)
	at org.openqa.selenium.remote.http.W3CHttpResponseCodec.decode(W3CHttpResponseCodec.java:120)
	at org.openqa.selenium.remote.http.W3CHttpResponseCodec.decode(W3CHttpResponseCodec.java:49)
	at org.openqa.selenium.remote.HttpCommandExecutor.execute(HttpCommandExecutor.java:164)
	at org.openqa.selenium.remote.service.DriverCommandExecutor.execute(DriverCommandExecutor.java:83)
	at org.openqa.selenium.remote.RemoteWebDriver.execute(RemoteWebDriver.java:586)
	at org.openqa.selenium.remote.RemoteWebElement.execute(RemoteWebElement.java:279)
	at org.openqa.selenium.remote.RemoteWebElement.isDisplayed(RemoteWebElement.java:320)
	at org.openqa.selenium.support.ui.ExpectedConditions.elementIfVisible(ExpectedConditions.java:301)
	at org.openqa.selenium.support.ui.ExpectedConditions.access$100(ExpectedConditions.java:43)
	at org.openqa.selenium.support.ui.ExpectedConditions$10.apply(ExpectedConditions.java:287)
	at org.openqa.selenium.support.ui.ExpectedConditions$10.apply(ExpectedConditions.java:284)
	at org.openqa.selenium.support.ui.FluentWait.until(FluentWait.java:208)
	at CommonMethod.BaseMethods.waitforCheckoutbutton(BaseMethods.java:20)
	at TestCases.Testcases.buynowbutton(Testcases.java:67)
... Removed 29 stack frames]]>
    </failure>
  </testcase> <!-- buynowbutton -->
  <testcase name="cardinput" time="0.0" classname="TestCases.Testcases">
    <skipped/>
  </testcase> <!-- cardinput -->
  <testcase name="debitCardDetails" time="0.0" classname="TestCases.Testcases">
    <skipped/>
  </testcase> <!-- debitCardDetails -->
  <testcase name="paymentMethod" time="0.0" classname="TestCases.Testcases">
    <skipped/>
  </testcase> <!-- paymentMethod -->
  <testcase name="poup" time="0.0" classname="TestCases.Testcases">
    <skipped/>
  </testcase> <!-- poup -->
  <testcase name="promoCode" time="0.0" classname="TestCases.Testcases">
    <skipped/>
  </testcase> <!-- promoCode -->
  <testcase name="redirecttopayment" time="0.001" classname="TestCases.Testcases">
    <skipped/>
  </testcase> <!-- redirecttopayment -->
  <testcase name="transcationConfirmation" time="0.0" classname="TestCases.Testcases">
    <skipped/>
  </testcase> <!-- transcationConfirmation -->
  <testcase name="verifyData" time="0.0" classname="TestCases.Testcases">
    <skipped/>
  </testcase> <!-- verifyData -->
  <testcase name="verifyTitle" time="0.0" classname="TestCases.Testcases">
    <skipped/>
  </testcase> <!-- verifyTitle -->
  <testcase name="verifyTotal" time="0.0" classname="TestCases.Testcases">
    <skipped/>
  </testcase> <!-- verifyTotal -->
  <testcase name="verifycorrectpin" time="0.0" classname="TestCases.Testcases">
    <skipped/>
  </testcase> <!-- verifycorrectpin -->
  <testcase name="verifyincorrectpin" time="0.0" classname="TestCases.Testcases">
    <skipped/>
  </testcase> <!-- verifyincorrectpin -->
  <testcase name="verifylabel" time="0.0" classname="TestCases.Testcases">
    <skipped/>
  </testcase> <!-- verifylabel -->
  <testcase name="veriyCancelbutton" time="0.0" classname="TestCases.Testcases">
    <skipped/>
  </testcase> <!-- veriyCancelbutton -->
</testsuite> <!-- Test -->
